#
# There is insufficient memory for the Java Runtime Environment to continue.
# Native memory allocation (mmap) failed to map 266338304 bytes for Failed to commit area from 0x0000000702800000 to 0x0000000712600000 of length 266338304.
# Possible reasons:
#   The system is out of physical RAM or swap space
#   The process is running with CompressedOops enabled, and the Java Heap may be blocking the growth of the native heap
# Possible solutions:
#   Reduce memory load on the system
#   Increase physical memory or swap space
#   Check if swap backing store is full
#   Decrease Java heap size (-Xmx/-Xms)
#   Decrease number of Java threads
#   Decrease Java thread stack sizes (-Xss)
#   Set larger code cache with -XX:ReservedCodeCacheSize=
# This output file may be truncated or incomplete.
#
#  Out of Memory Error (./src/hotspot/os/windows/os_windows.cpp:3303), pid=18068, tid=5664
#
# JRE version:  (11.0.7+10) (build )
# Java VM: OpenJDK 64-Bit Server VM (11.0.7+10-b765.64, mixed mode, sharing, tiered, compressed oops, g1 gc, windows-amd64)
# No core dump will be written. Minidumps are not enabled by default on client versions of Windows
#

---------------  S U M M A R Y ------------

Command Line: org.jetbrains.git4idea.http.GitAskPassApp Username for 'https://github.com': 

Host: Intel(R) Core(TM) i7-10710U CPU @ 1.10GHz, 12 cores, 15G,  Windows 10 , 64 bit Build 19041 (10.0.19041.292)
Time: Mon Jul 27 02:05:49 2020 SE Asia Standard Time elapsed time: 0 seconds (0d 0h 0m 0s)

---------------  T H R E A D  ---------------

Current thread (0x0000028386aaf000):  JavaThread "Unknown thread" [_thread_in_vm, id=5664, stack(0x000000e8cfa00000,0x000000e8cfb00000)]

Stack: [0x000000e8cfa00000,0x000000e8cfb00000]
Native frames: (J=compiled Java code, j=interpreted, Vv=VM code, C=native code)
V  [jvm.dll+0x5dda4a]
V  [jvm.dll+0x711595]
V  [jvm.dll+0x712aed]
V  [jvm.dll+0x7131a3]
V  [jvm.dll+0x23e368]
V  [jvm.dll+0x5daf04]
V  [jvm.dll+0x5d0085]
V  [jvm.dll+0x2fb0cb]
V  [jvm.dll+0x2fb03a]
V  [jvm.dll+0x2faf12]
V  [jvm.dll+0x2ffdf6]
V  [jvm.dll+0x348393]
V  [jvm.dll+0x348a96]
V  [jvm.dll+0x348493]
V  [jvm.dll+0x2d59e8]
V  [jvm.dll+0x2d6b87]
V  [jvm.dll+0x6f04e7]
V  [jvm.dll+0x6f1cdc]
V  [jvm.dll+0x355909]
V  [jvm.dll+0x6d42ae]
V  [jvm.dll+0x3bda13]
V  [jvm.dll+0x3bfc51]
C  [jli.dll+0x5363]
C  [ucrtbase.dll+0x21542]
C  [KERNEL32.DLL+0x16fd4]
C  [ntdll.dll+0x4cec1]


---------------  P R O C E S S  ---------------

Threads class SMR info:
_java_thread_list=0x0000028384877a80, length=0, elements={
}

Java Threads: ( => current thread )

Other Threads:
  0x0000028386ac6000 GCTaskThread "GC Thread#0" [stack: 0x000000e8cfb00000,0x000000e8cfc00000] [id=24476]
  0x0000028386b23000 ConcurrentGCThread "G1 Main Marker" [stack: 0x000000e8cfc00000,0x000000e8cfd00000] [id=5248]
  0x0000028386b24800 ConcurrentGCThread "G1 Conc#0" [stack: 0x000000e8cfd00000,0x000000e8cfe00000] [id=6488]

[error occurred during error reporting (printing all threads), id 0xc0000005, EXCEPTION_ACCESS_VIOLATION (0xc0000005) at pc=0x00007ff9d5e15fc7]

VM state:not at safepoint (not fully initialized)

VM Mutex/Monitor currently owned by a thread:  ([mutex/lock_event])
[0x0000028386aac3d0] Heap_lock - owner thread: 0x0000028386aaf000

Heap address: 0x0000000702800000, size: 4056 MB, Compressed Oops mode: Non-zero based: 0x0000000702800000
Narrow klass base: 0x0000000000000000, Narrow klass shift: 0

GC Heap History (0 events):
No events

Deoptimization events (0 events):
No events

Classes redefined (0 events):
No events

Internal exceptions (0 events):
No events

Events (2 events):
Event: 0.005 Loaded shared library C:\Program Files\JetBrains\PyCharm 2020.1.3\jbr\bin\zip.dll
Event: 0.005 Loaded shared library C:\Program Files\JetBrains\PyCharm 2020.1.3\jbr\bin\jimage.dll


Dynamic libraries:
0x00007ff7ab000000 - 0x00007ff7ab00a000 	C:\Program Files\JetBrains\PyCharm 2020.1.3\jbr\bin\java.exe
0x00007ffa48310000 - 0x00007ffa48504000 	C:\WINDOWS\SYSTEM32\ntdll.dll
0x00007ffa47300000 - 0x00007ffa473bd000 	C:\WINDOWS\System32\KERNEL32.DLL
0x00007ffa460b0000 - 0x00007ffa46377000 	C:\WINDOWS\System32\KERNELBASE.dll
0x00007ffa45fb0000 - 0x00007ffa460b0000 	C:\WINDOWS\System32\ucrtbase.dll
0x00007ffa1b380000 - 0x00007ffa1b399000 	C:\Program Files\JetBrains\PyCharm 2020.1.3\jbr\bin\jli.dll
0x00007ffa04650000 - 0x00007ffa04667000 	C:\Program Files\JetBrains\PyCharm 2020.1.3\jbr\bin\VCRUNTIME140.dll
0x00007ffa463e0000 - 0x00007ffa46580000 	C:\WINDOWS\System32\USER32.dll
0x00007ffa2a1b0000 - 0x00007ffa2a44a000 	C:\WINDOWS\WinSxS\amd64_microsoft.windows.common-controls_6595b64144ccf1df_6.0.19041.1_none_b555e41d4684ddec\COMCTL32.dll
0x00007ffa45d20000 - 0x00007ffa45d42000 	C:\WINDOWS\System32\win32u.dll
0x00007ffa482a0000 - 0x00007ffa482ca000 	C:\WINDOWS\System32\GDI32.dll
0x00007ffa46e20000 - 0x00007ffa46ebe000 	C:\WINDOWS\System32\msvcrt.dll
0x00007ffa45df0000 - 0x00007ffa45efa000 	C:\WINDOWS\System32\gdi32full.dll
0x00007ffa45d50000 - 0x00007ffa45ded000 	C:\WINDOWS\System32\msvcp_win.dll
0x00007ffa472d0000 - 0x00007ffa47300000 	C:\WINDOWS\System32\IMM32.DLL
0x00007ff9fe8a0000 - 0x00007ff9fe93d000 	C:\Program Files\JetBrains\PyCharm 2020.1.3\jbr\bin\msvcp140.dll
0x00007ff9d5b30000 - 0x00007ff9d65eb000 	C:\Program Files\JetBrains\PyCharm 2020.1.3\jbr\bin\server\jvm.dll
0x00007ffa48060000 - 0x00007ffa4810a000 	C:\WINDOWS\System32\ADVAPI32.dll
0x00007ffa46580000 - 0x00007ffa4661b000 	C:\WINDOWS\System32\sechost.dll
0x00007ffa47da0000 - 0x00007ffa47ec3000 	C:\WINDOWS\System32\RPCRT4.dll
0x00007ffa48050000 - 0x00007ffa48058000 	C:\WINDOWS\System32\PSAPI.DLL
0x00007ffa31b00000 - 0x00007ffa31b27000 	C:\WINDOWS\SYSTEM32\WINMM.dll
0x00007ffa33000000 - 0x00007ffa33009000 	C:\WINDOWS\SYSTEM32\WSOCK32.dll
0x00007ffa3ec90000 - 0x00007ffa3ec9a000 	C:\WINDOWS\SYSTEM32\VERSION.dll
0x00007ffa48230000 - 0x00007ffa4829b000 	C:\WINDOWS\System32\WS2_32.dll
0x00007ffa44330000 - 0x00007ffa44343000 	C:\WINDOWS\SYSTEM32\kernel.appcore.dll
0x00007ffa41a50000 - 0x00007ffa41a61000 	C:\Program Files\JetBrains\PyCharm 2020.1.3\jbr\bin\verify.dll
0x00007ffa43950000 - 0x00007ffa43b34000 	C:\WINDOWS\SYSTEM32\DBGHELP.DLL
0x00007ffa305c0000 - 0x00007ffa305ec000 	C:\WINDOWS\SYSTEM32\dbgcore.DLL
0x00007ffa45f00000 - 0x00007ffa45f7f000 	C:\WINDOWS\System32\bcryptPrimitives.dll
0x00007ffa35b70000 - 0x00007ffa35b99000 	C:\Program Files\JetBrains\PyCharm 2020.1.3\jbr\bin\java.dll
0x00007ffa35c10000 - 0x00007ffa35c28000 	C:\Program Files\JetBrains\PyCharm 2020.1.3\jbr\bin\zip.dll
0x00007ffa41a40000 - 0x00007ffa41a4b000 	C:\Program Files\JetBrains\PyCharm 2020.1.3\jbr\bin\jimage.dll

dbghelp: loaded successfully - version: 4.0.5 - missing functions: none
symbol engine: initialized successfully - sym options: 0x614 - pdb path: .;C:\Program Files\JetBrains\PyCharm 2020.1.3\jbr\bin;C:\WINDOWS\SYSTEM32;C:\WINDOWS\WinSxS\amd64_microsoft.windows.common-controls_6595b64144ccf1df_6.0.19041.1_none_b555e41d4684ddec;C:\Program Files\JetBrains\PyCharm 2020.1.3\jbr\bin\server

VM Arguments:
java_command: org.jetbrains.git4idea.http.GitAskPassApp Username for 'https://github.com': 
java_class_path (initial): C:/Program Files/JetBrains/PyCharm 2020.1.3/plugins/git4idea/lib/git4idea-rt.jar;C:/Program Files/JetBrains/PyCharm 2020.1.3/lib/xmlrpc-2.0.1.jar;C:/Program Files/JetBrains/PyCharm 2020.1.3/lib/commons-codec-1.14.jar;C:/Program Files/JetBrains/PyCharm 2020.1.3/lib/util.jar
Launcher Type: SUN_STANDARD

[Global flags]
     intx CICompilerCount                          = 4                                         {product} {ergonomic}
     uint ConcGCThreads                            = 3                                         {product} {ergonomic}
     uint G1ConcRefinementThreads                  = 10                                        {product} {ergonomic}
   size_t G1HeapRegionSize                         = 1048576                                   {product} {ergonomic}
    uintx GCDrainStackTargetSize                   = 64                                        {product} {ergonomic}
   size_t InitialHeapSize                          = 266338304                                 {product} {ergonomic}
   size_t MarkStackSize                            = 4194304                                   {product} {ergonomic}
   size_t MaxHeapSize                              = 4253024256                                {product} {ergonomic}
   size_t MinHeapDeltaBytes                        = 1048576                                   {product} {ergonomic}
    uintx NonNMethodCodeHeapSize                   = 5836300                                {pd product} {ergonomic}
    uintx NonProfiledCodeHeapSize                  = 122910970                              {pd product} {ergonomic}
    uintx ProfiledCodeHeapSize                     = 122910970                              {pd product} {ergonomic}
    uintx ReservedCodeCacheSize                    = 251658240                              {pd product} {ergonomic}
     bool SegmentedCodeCache                       = true                                      {product} {ergonomic}
     bool UseCompressedClassPointers               = true                                 {lp64_product} {ergonomic}
     bool UseCompressedOops                        = true                                 {lp64_product} {ergonomic}
     bool UseG1GC                                  = true                                      {product} {ergonomic}
     bool UseLargePagesIndividualAllocation        = false                                  {pd product} {ergonomic}

Logging:
Log output configuration:
 #0: stdout all=warning uptime,level,tags
 #1: stderr all=off uptime,level,tags

Environment Variables:
PATH=C:\Program Files\Git\mingw64\libexec\git-core;C:\Program Files\Git\mingw64\libexec\git-core;C:\Program Files\Git\mingw64\bin;C:\Program Files\Git\usr\bin;C:\Users\Khunheng Sok\bin;C:\Program Files\NVIDIA GPU Computing Toolkit\CUDA\v10.1\bin;C:\Program Files\NVIDIA GPU Computing Toolkit\CUDA\v10.1\libnvvp;C:\Program Files\ImageMagick-7.0.9-Q16;C:\ProgramData\Oracle\Java\javapath;C:\Windows\system32;C:\Windows;C:\Windows\System32\Wbem;C:\Windows\System32\WindowsPowerShell\v1.0;C:\Windows\System32\OpenSSH;C:\Program Files (x86)\NVIDIA Corporation\PhysX\Common;C:\Program Files\Intel\WiFi\bin;C:\Program Files\Common Files\Intel\WirelessCommon;C:\Program Files\NVIDIA Corporation\NVIDIA NvDLISR;C:\Program Files (x86)\Common Files\Intuit\QBPOSSDKRuntime;C:\Users\Khunheng Sok\AppData\Local\Programs\Python\Python37\Scripts;C:\Program Files\nodejs;C:\Android;C:\Program Files (x86)\Yarn\bin;C:\Program Files\Git\cmd;C:\Program Files (x86)\Brackets\command;C:\Program Files\MongoDB\Server\4.2\bin;C:\composer;C:\MinGW\bin;C:\wamp64\bin\php\php7.3.1;C:\ProgramData\ComposerSetup\bin;C:\Users\Khunheng Sok\AppData\Local\Programs\Python\Python37;C:\Program Files\NVIDIA GPU Computing Toolkit\CUDA\v10.2\bin;C:\Program Files\NVIDIA GPU Computing Toolkit\CUDA\v10.2\extras;C:\Program Files\NVIDIA GPU Computing Toolkit\CUDA\v10.2\include;C:\Program Files\cudnn\bin\cudnn64_7.dll;C:\Program Files\NVIDIA Corporation\Nsight Compute 2019.1;C:\Program Files\NVIDIA GPU Computing Toolkit\CUDA\v10.1\extras\CUPTI\lib64;C:\Program Files\NVIDIA GPU Computing Toolkit\CUDA\v10.1\include;C:\Program Files\cudnn\bin;C:\Program Files\sqlite3.exe;C:\WINDOWS\system32;C:\WINDOWS;C:\WINDOWS\System32\Wbem;C:\WINDOWS\System32\WindowsPowerShell\v1.0;C:\WINDOWS\System32\OpenSSH;C:\Program Files\dotnet;C:\Users\Khunheng Sok\AppData\Local\Microsoft\WindowsApps;C:\Users\Khunheng Sok\AppData\Local\Programs\Microsoft VS Code\bin;C:\Program Files\JetBrains\PyCharm 2019.1.2\bin;C:\Users\Khunheng Sok\AppData\Roaming\npm;C:\
USERNAME=Khunheng Sok
DISPLAY=:0.0
OS=Windows_NT
PROCESSOR_IDENTIFIER=Intel64 Family 6 Model 166 Stepping 0, GenuineIntel



---------------  S Y S T E M  ---------------

OS: Windows 10 , 64 bit Build 19041 (10.0.19041.292)
OS uptime: 0 days 4:58 hours
HyperV virtualization detected

CPU:total 12 (initial active 12) (6 cores per cpu, 2 threads per core) family 6 model 166 stepping 0, cmov, cx8, fxsr, mmx, sse, sse2, sse3, ssse3, sse4.1, sse4.2, popcnt, avx, avx2, aes, clmul, erms, 3dnowpref, lzcnt, ht, tsc, tscinvbit, bmi1, bmi2, adx, fma

Memory: 4k page, system-wide physical 16221M (2192M free)
TotalPageFile size 24413M (AvailPageFile size 138M)
current process WorkingSet (physical memory assigned to process): 10M, peak: 10M
current process commit charge ("private bytes"): 64M, peak: 318M

vm_info: OpenJDK 64-Bit Server VM (11.0.7+10-b765.64) for windows-amd64 JRE (11.0.7+10-b765.64), built on Jun 22 2020 14:48:21 by "" with MS VC++ 14.0 (VS2015)

END.
